<?xml version="1.0" encoding="UTF-8"?>
<!-- Generated by org.testng.reporters.JUnitReportReporter -->
<testsuite hostname="WS-16454" failures="0" tests="1" name="AutomationTest.tests.ErrorValidations" time="3.234" errors="0" timestamp="2024-02-14T09:08:03 IST" skipped="0">
  <testcase classname="AutomationTest.tests.ErrorValidations" name="submitOrder" time="3.234"/>
</testsuite> <!-- AutomationTest.tests.ErrorValidations -->
