<?xml version="1.0" encoding="UTF-8"?>
<!-- Generated by org.testng.reporters.JUnitReportReporter -->
<testsuite hostname="WS-16454" failures="0" tests="3" name="AutomationTest.tests.standaloneSubmitTest" time="36.941" errors="0" timestamp="2024-03-03T16:29:18 IST" skipped="0">
  <testcase classname="AutomationTest.tests.standaloneSubmitTest" name="orderHistoryTest" time="3.435"/>
  <testcase classname="AutomationTest.tests.standaloneSubmitTest" name="submitOrder" time="17.619"/>
  <testcase classname="AutomationTest.tests.standaloneSubmitTest" name="submitOrder" time="15.887"/>
</testsuite> <!-- AutomationTest.tests.standaloneSubmitTest -->
